<?xml version="1.0" encoding="UTF-8"?>
<!-- Generated by org.testng.reporters.JUnitXMLReporter -->
<testsuite hostname="WPUAY10WJULA" ignored="0" name="Test" tests="5" failures="0" timestamp="06 May 2021 07:25:22 GMT" time="11.504" errors="0">
  <testcase name="@BeforeTest LaunchBrowser" time="11.172" classname="pkgSendMail.DeleteUser">
    <failure type="org.openqa.selenium.WebDriverException" message="unknown error: cannot determine loading status
from disconnected: received Inspector.detached event
  (Session info: chrome=89.0.4389.114)
Build info: version: &amp;apos;3.141.59&amp;apos;, revision: &amp;apos;e82be7d358&amp;apos;, time: &amp;apos;2018-11-14T08:17:03&amp;apos;
System info: host: &amp;apos;WPUAY10WJULA&amp;apos;, ip: &amp;apos;10.134.220.241&amp;apos;, os.name: &amp;apos;Windows 10&amp;apos;, os.arch: &amp;apos;amd64&amp;apos;, os.version: &amp;apos;10.0&amp;apos;, java.version: &amp;apos;1.8.0_171&amp;apos;
Driver info: org.openqa.selenium.chrome.ChromeDriver
Capabilities {acceptInsecureCerts: false, browserName: chrome, browserVersion: 89.0.4389.114, chrome: {chromedriverVersion: 89.0.4389.23 (61b08ee2c5002..., userDataDir: C:\Users\ay10wju\AppData\Lo...}, goog:chromeOptions: {debuggerAddress: localhost:64270}, javascriptEnabled: true, networkConnectionEnabled: false, pageLoadStrategy: normal, platform: WINDOWS, platformName: WINDOWS, proxy: Proxy(), setWindowRect: true, strictFileInteractability: false, timeouts: {implicit: 0, pageLoad: 300000, script: 30000}, unhandledPromptBehavior: dismiss and notify, webauthn:extension:largeBlob: true, webauthn:virtualAuthenticators: true}
Session ID: 0a184dd6800671746a965e9ca86b2322">
      <![CDATA[org.openqa.selenium.WebDriverException: unknown error: cannot determine loading status
from disconnected: received Inspector.detached event
  (Session info: chrome=89.0.4389.114)
Build info: version: '3.141.59', revision: 'e82be7d358', time: '2018-11-14T08:17:03'
System info: host: 'WPUAY10WJULA', ip: '10.134.220.241', os.name: 'Windows 10', os.arch: 'amd64', os.version: '10.0', java.version: '1.8.0_171'
Driver info: org.openqa.selenium.chrome.ChromeDriver
Capabilities {acceptInsecureCerts: false, browserName: chrome, browserVersion: 89.0.4389.114, chrome: {chromedriverVersion: 89.0.4389.23 (61b08ee2c5002..., userDataDir: C:\Users\ay10wju\AppData\Lo...}, goog:chromeOptions: {debuggerAddress: localhost:64270}, javascriptEnabled: true, networkConnectionEnabled: false, pageLoadStrategy: normal, platform: WINDOWS, platformName: WINDOWS, proxy: Proxy(), setWindowRect: true, strictFileInteractability: false, timeouts: {implicit: 0, pageLoad: 300000, script: 30000}, unhandledPromptBehavior: dismiss and notify, webauthn:extension:largeBlob: true, webauthn:virtualAuthenticators: true}
Session ID: 0a184dd6800671746a965e9ca86b2322
at org.openqa.selenium.remote.http.W3CHttpResponseCodec.createException(W3CHttpResponseCodec.java:187)
at org.openqa.selenium.remote.http.W3CHttpResponseCodec.decode(W3CHttpResponseCodec.java:122)
at org.openqa.selenium.remote.http.W3CHttpResponseCodec.decode(W3CHttpResponseCodec.java:49)
at org.openqa.selenium.remote.HttpCommandExecutor.execute(HttpCommandExecutor.java:158)
at org.openqa.selenium.remote.service.DriverCommandExecutor.execute(DriverCommandExecutor.java:83)
at org.openqa.selenium.remote.RemoteWebDriver.execute(RemoteWebDriver.java:552)
at org.openqa.selenium.remote.RemoteWebDriver.get(RemoteWebDriver.java:277)
at pkgSendMail.DeleteUser.LaunchBrowser(DeleteUser.java:28)
... Removed 28 stack frames]]>
    </failure>
  </testcase> <!-- @BeforeTest LaunchBrowser -->
  <testcase name="@BeforeTest LaunchBrowser" time="0.0" classname="pkgSendMail.addUsersVerify">
    <skipped/>
  </testcase> <!-- @BeforeTest LaunchBrowser -->
  <testcase name="@AfterTest CloseBrowser" time="0.0" classname="pkgSendMail.DeleteUser">
    <skipped/>
  </testcase> <!-- @AfterTest CloseBrowser -->
  <testcase name="@AfterTest CloseBrowser" time="0.0" classname="pkgSendMail.addUsersVerify">
    <skipped/>
  </testcase> <!-- @AfterTest CloseBrowser -->
  <testcase name="DragDrop" time="0.0" classname="pkgSendMail.DragAndDrop">
    <skipped/>
  </testcase> <!-- DragDrop -->
  <testcase name="Login" time="0.0" classname="pkgSendMail.addUsersVerify">
    <skipped/>
  </testcase> <!-- Login -->
  <testcase name="Sign_On" time="0.0" classname="pkgSendMail.DeleteUser">
    <skipped/>
  </testcase> <!-- Sign_On -->
  <testcase name="AddUsers_Page" time="0.0" classname="pkgSendMail.DeleteUser">
    <skipped/>
  </testcase> <!-- AddUsers_Page -->
  <testcase name="VerifyAddedUser" time="0.0" classname="pkgSendMail.DeleteUser">
    <skipped/>
  </testcase> <!-- VerifyAddedUser -->
</testsuite> <!-- Test -->
